This is pdfTeX, Version 3.141592653-2.6-1.40.25 (TeX Live 2023/Debian) (preloaded format=pdflatex 2024.12.11)  31 OCT 2025 20:43
entering extended mode
 restricted \write18 enabled.
 file:line:error style messages enabled.
 %&-line parsing enabled.
**/home/castela/Documents/GitHub/Aprendizagem-Computacional/report/report.tex
(/home/castela/Documents/GitHub/Aprendizagem-Computacional/report/report.tex
LaTeX2e <2023-11-01> patch level 1
L3 programming layer <2024-01-22>
(/usr/share/texlive/texmf-dist/tex/latex/base/article.cls
Document Class: article 2023/05/17 v1.4n Standard LaTeX document class
(/usr/share/texlive/texmf-dist/tex/latex/base/size12.clo
File: size12.clo 2023/05/17 v1.4n Standard LaTeX file (size option)
)
\c@part=\count187
\c@section=\count188
\c@subsection=\count189
\c@subsubsection=\count190
\c@paragraph=\count191
\c@subparagraph=\count192
\c@figure=\count193
\c@table=\count194
\abovecaptionskip=\skip48
\belowcaptionskip=\skip49
\bibindent=\dimen140
) (/usr/share/texlive/texmf-dist/tex/latex/graphics/graphicx.sty
Package: graphicx 2021/09/16 v1.2d Enhanced LaTeX Graphics (DPC,SPQR)
 (/usr/share/texlive/texmf-dist/tex/latex/graphics/keyval.sty
Package: keyval 2022/05/29 v1.15 key=value parser (DPC)
\KV@toks@=\toks17
) (/usr/share/texlive/texmf-dist/tex/latex/graphics/graphics.sty
Package: graphics 2022/03/10 v1.4e Standard LaTeX Graphics (DPC,SPQR)
 (/usr/share/texlive/texmf-dist/tex/latex/graphics/trig.sty
Package: trig 2021/08/11 v1.11 sin cos tan (DPC)
) (/usr/share/texlive/texmf-dist/tex/latex/graphics-cfg/graphics.cfg
File: graphics.cfg 2016/06/04 v1.11 sample graphics configuration
)
Package graphics Info: Driver file: pdftex.def on input line 107.
 (/usr/share/texlive/texmf-dist/tex/latex/graphics-def/pdftex.def
File: pdftex.def 2022/09/22 v1.2b Graphics/color driver for pdftex
))
\Gin@req@height=\dimen141
\Gin@req@width=\dimen142
) (/usr/share/texlive/texmf-dist/tex/latex/float/float.sty
Package: float 2001/11/08 v1.3d Float enhancements (AL)
\c@float@type=\count195
\float@exts=\toks18
\float@box=\box51
\@float@everytoks=\toks19
\@floatcapt=\box52
) (/usr/share/texlive/texmf-dist/tex/latex/l3backend/l3backend-pdftex.def
File: l3backend-pdftex.def 2024-01-04 L3 backend support: PDF output (pdfTeX)
\l__color_backend_stack_int=\count196
\l__pdf_internal_box=\box53
) (./report.aux)
\openout1 = `report.aux'.

LaTeX Font Info:    Checking defaults for OML/cmm/m/it on input line 4.
LaTeX Font Info:    ... okay on input line 4.
LaTeX Font Info:    Checking defaults for OMS/cmsy/m/n on input line 4.
LaTeX Font Info:    ... okay on input line 4.
LaTeX Font Info:    Checking defaults for OT1/cmr/m/n on input line 4.
LaTeX Font Info:    ... okay on input line 4.
LaTeX Font Info:    Checking defaults for T1/cmr/m/n on input line 4.
LaTeX Font Info:    ... okay on input line 4.
LaTeX Font Info:    Checking defaults for TS1/cmr/m/n on input line 4.
LaTeX Font Info:    ... okay on input line 4.
LaTeX Font Info:    Checking defaults for OMX/cmex/m/n on input line 4.
LaTeX Font Info:    ... okay on input line 4.
LaTeX Font Info:    Checking defaults for U/cmr/m/n on input line 4.
LaTeX Font Info:    ... okay on input line 4.
 (/usr/share/texlive/texmf-dist/tex/context/base/mkii/supp-pdf.mkii
[Loading MPS to PDF converter (version 2006.09.02).]
\scratchcounter=\count197
\scratchdimen=\dimen143
\scratchbox=\box54
\nofMPsegments=\count198
\nofMParguments=\count199
\everyMPshowfont=\toks20
\MPscratchCnt=\count266
\MPscratchDim=\dimen144
\MPnumerator=\count267
\makeMPintoPDFobject=\count268
\everyMPtoPDFconversion=\toks21
) (/usr/share/texlive/texmf-dist/tex/latex/epstopdf-pkg/epstopdf-base.sty
Package: epstopdf-base 2020-01-24 v2.11 Base part for package epstopdf
Package epstopdf-base Info: Redefining graphics rule for `.eps' on input line 485.
 (/usr/share/texlive/texmf-dist/tex/latex/latexconfig/epstopdf-sys.cfg
File: epstopdf-sys.cfg 2010/07/13 v1.3 Configuration of (r)epstopdf for TeX Live
))
<images/UC_logo.png, id=1, 1672.2475pt x 1676.2625pt>
File: images/UC_logo.png Graphic file (type png)
<use images/UC_logo.png>
Package pdftex.def Info: images/UC_logo.png  used on input line 11.
(pdftex.def)             Requested size: 155.99762pt x 156.35631pt.
 [1

{/var/lib/texmf/fonts/map/pdftex/updmap/pdftex.map} <./images/UC_logo.png>]
No file report.toc.
\tf@toc=\write3
\openout3 = `report.toc'.

[1]
LaTeX Font Info:    External font `cmex10' loaded for size
(Font)              <12> on input line 53.
LaTeX Font Info:    External font `cmex10' loaded for size
(Font)              <8> on input line 53.
LaTeX Font Info:    External font `cmex10' loaded for size
(Font)              <6> on input line 53.
 [2]
Underfull \hbox (badness 10000) in paragraph at lines 75--81

 []


Underfull \hbox (badness 10000) in paragraph at lines 82--85

 []

[3]
Underfull \hbox (badness 10000) in paragraph at lines 115--117

 []

[4] [5] [6]
Overfull \hbox (12.45767pt too wide) in paragraph at lines 218--230
 [][] 
 []


LaTeX Warning: File `ROC_AUC.png' not found on input line 236.


/home/castela/Documents/GitHub/Aprendizagem-Computacional/report/report.tex:236: Package pdftex.def Error: File `ROC_AUC.png' not found: using draft setting.

See the pdftex.def package documentation for explanation.
Type  H <return>  for immediate help.
 ...                                              
                                                  
l.236 ...raphics[width=1.1\textwidth]{ROC_AUC.png}
                                                  
Try typing  <return>  to proceed.
If that doesn't work, type  X <return>  to quit.


Overfull \hbox (39.00238pt too wide) in paragraph at lines 236--237
 [][] 
 []

[7]

LaTeX Warning: Reference `fig:roc_curves' on page 8 undefined on input line 243.

[8]

LaTeX Warning: Reference `tab:AUC values' on page 9 undefined on input line 266.


Overfull \hbox (41.49843pt too wide) in paragraph at lines 266--267
[]\OT1/cmr/m/n/12 According to Ta-ble [], we can con-clude that the top five fea-tures are:..................... 
 []


Overfull \hbox (12.45767pt too wide) in paragraph at lines 274--286
 [][] 
 []


LaTeX Warning: Reference `tab:roc_classifiers' on page 9 undefined on input line 289.


LaTeX Warning: File `CORRELATION_MATRIX.png' not found on input line 295.


/home/castela/Documents/GitHub/Aprendizagem-Computacional/report/report.tex:295: Package pdftex.def Error: File `CORRELATION_MATRIX.png' not found: using draft setting.

See the pdftex.def package documentation for explanation.
Type  H <return>  for immediate help.
 ...                                              
                                                  
l.295 ...idth=1\textwidth]{CORRELATION_MATRIX.png}
                                                  
Try typing  <return>  to proceed.
If that doesn't work, type  X <return>  to quit.

[9]

LaTeX Warning: Reference `fig:mcorr' on page 10 undefined on input line 300.

[10]

LaTeX Warning: Reference `tab: Kruskal p-values' on page 11 undefined on input line 326.


Overfull \hbox (12.45767pt too wide) in paragraph at lines 334--346
 [][] 
 []


LaTeX Warning: Reference `tab:kruskal_classifiers' on page 11 undefined on input line 351.


LaTeX Warning: Reference `sec:PCA' on page 11 undefined on input line 353.


LaTeX Warning: File `PC_variance.png' not found on input line 359.


/home/castela/Documents/GitHub/Aprendizagem-Computacional/report/report.tex:359: Package pdftex.def Error: File `PC_variance.png' not found: using draft setting.

See the pdftex.def package documentation for explanation.
Type  H <return>  for immediate help.
 ...                                              
                                                  
l.359 ...ics[width=1.1\textwidth]{PC_variance.png}
                                                  
Try typing  <return>  to proceed.
If that doesn't work, type  X <return>  to quit.


Overfull \hbox (39.00238pt too wide) in paragraph at lines 359--360
 [][] 
 []

[11]

LaTeX Warning: File `PCA_Kaiser_Scree.png' not found on input line 371.


/home/castela/Documents/GitHub/Aprendizagem-Computacional/report/report.tex:371: Package pdftex.def Error: File `PCA_Kaiser_Scree.png' not found: using draft setting.

See the pdftex.def package documentation for explanation.
Type  H <return>  for immediate help.
 ...                                              
                                                  
l.371 ...idth=1.1\textwidth]{PCA_Kaiser_Scree.png}
                                                  
Try typing  <return>  to proceed.
If that doesn't work, type  X <return>  to quit.


Overfull \hbox (39.00238pt too wide) in paragraph at lines 371--372
 [][] 
 []

[12]

LaTeX Warning: Reference `fig:Kaiser_Scree' on page 13 undefined on input line 376.


LaTeX Warning: File `PC1.png' not found on input line 382.


/home/castela/Documents/GitHub/Aprendizagem-Computacional/report/report.tex:382: Package pdftex.def Error: File `PC1.png' not found: using draft setting.

See the pdftex.def package documentation for explanation.
Type  H <return>  for immediate help.
 ...                                              
                                                  
l.382 ...udegraphics[width=1.1\textwidth]{PC1.png}
                                                  
Try typing  <return>  to proceed.
If that doesn't work, type  X <return>  to quit.


Overfull \hbox (39.00238pt too wide) in paragraph at lines 382--383
 [][] 
 []

[13]
Overfull \hbox (12.45767pt too wide) in paragraph at lines 396--408
 [][] 
 []

[14]

LaTeX Warning: File `LDA1.png' not found on input line 416.


/home/castela/Documents/GitHub/Aprendizagem-Computacional/report/report.tex:416: Package pdftex.def Error: File `LDA1.png' not found: using draft setting.

See the pdftex.def package documentation for explanation.
Type  H <return>  for immediate help.
 ...                                              
                                                  
l.416 ...degraphics[width=1.1\textwidth]{LDA1.png}
                                                  
Try typing  <return>  to proceed.
If that doesn't work, type  X <return>  to quit.


Overfull \hbox (39.00238pt too wide) in paragraph at lines 416--417
 [][] 
 []

[15]
Overfull \hbox (12.45767pt too wide) in paragraph at lines 426--438
 [][] 
 []

[16] [17] (./report.aux)
 ***********
LaTeX2e <2023-11-01> patch level 1
L3 programming layer <2024-01-22>
 ***********


LaTeX Warning: There were undefined references.


LaTeX Warning: Label(s) may have changed. Rerun to get cross-references right.

 ) 
Here is how much of TeX's memory you used:
 1599 strings out of 476182
 27540 string characters out of 5795594
 1931975 words of memory out of 5000000
 23627 multiletter control sequences out of 15000+600000
 564750 words of font info for 58 fonts, out of 8000000 for 9000
 14 hyphenation exceptions out of 8191
 57i,8n,65p,751b,249s stack positions out of 10000i,1000n,20000p,200000b,200000s
 </home/castela/.texlive2023/texmf-var/fonts/pk/ljfour/jknappen/ec/tcrm1200.600pk></usr/share/texlive/texmf-dist/fonts/type1/public/amsfonts/cm/cmbx12.pfb></usr/share/texlive/texmf-dist/fonts/type1/public/amsfonts/cm/cmex10.pfb></usr/share/texlive/texmf-dist/fonts/type1/public/amsfonts/cm/cmmi12.pfb></usr/share/texlive/texmf-dist/fonts/type1/public/amsfonts/cm/cmmi8.pfb></usr/share/texlive/texmf-dist/fonts/type1/public/amsfonts/cm/cmr12.pfb></usr/share/texlive/texmf-dist/fonts/type1/public/amsfonts/cm/cmr17.pfb></usr/share/texlive/texmf-dist/fonts/type1/public/amsfonts/cm/cmr8.pfb></usr/share/texlive/texmf-dist/fonts/type1/public/amsfonts/cm/cmsy10.pfb></usr/share/texlive/texmf-dist/fonts/type1/public/amsfonts/cm/cmsy8.pfb></usr/share/texlive/texmf-dist/fonts/type1/public/amsfonts/cm/cmti12.pfb></usr/share/texlive/texmf-dist/fonts/type1/public/amsfonts/cm/cmtt12.pfb>
Output written on report.pdf (18 pages, 381802 bytes).
PDF statistics:
 125 PDF objects out of 1000 (max. 8388607)
 79 compressed objects within 1 object stream
 0 named destinations out of 1000 (max. 500000)
 6 words of extra memory for PDF output out of 10000 (max. 10000000)

